# JRE version: OpenJDK Runtime Environment (8.0_152-b01) (build 1.8.0_152-release-1024-b01)
# Java VM: OpenJDK 64-Bit Server VM (25.152-b01 mixed mode linux-amd64 compressed oops)
Heap:
 PSYoungGen      total 477184K, used 13257K [0x00000000e0000000, 0x0000000100000000, 0x0000000100000000)
  eden space 438272K, 0% used [0x00000000e0000000,0x00000000e0000000,0x00000000fac00000)
  from space 38912K, 34% used [0x00000000fda00000,0x00000000fe6f26b8,0x0000000100000000)
  to   space 43008K, 0% used [0x00000000fac00000,0x00000000fac00000,0x00000000fd600000)
 ParOldGen       total 247296K, used 246820K [0x00000000a0000000, 0x00000000af180000, 0x00000000e0000000)
  object space 247296K, 99% used [0x00000000a0000000,0x00000000af109210,0x00000000af180000)
 Metaspace       used 93203K, capacity 96968K, committed 99800K, reserved 1136640K
  class space    used 11434K, capacity 12152K, committed 12800K, reserved 1048576K
GC Heap History (10 events):
Event: 6325.264 GC heap after
Heap after GC invocations=31 (full 4):
 PSYoungGen      total 486912K, used 2653K [0x00000000e0000000, 0x00000000fff00000, 0x0000000100000000)
  eden space 450560K, 0% used [0x00000000e0000000,0x00000000e0000000,0x00000000fb800000)
  from space 36352K, 7% used [0x00000000fb800000,0x00000000fba97438,0x00000000fdb80000)
  to   space 36352K, 0% used [0x00000000fdb80000,0x00000000fdb80000,0x00000000fff00000)
 ParOldGen       total 116736K, used 58468K [0x00000000a0000000, 0x00000000a7200000, 0x00000000e0000000)
  object space 116736K, 50% used [0x00000000a0000000,0x00000000a3919250,0x00000000a7200000)
 Metaspace       used 92579K, capacity 96332K, committed 99032K, reserved 1136640K
  class space    used 11426K, capacity 12146K, committed 12800K, reserved 1048576K
}
Event: 6329.083 GC heap before
{Heap before GC invocations=32 (full 4):
 PSYoungGen      total 486912K, used 453213K [0x00000000e0000000, 0x00000000fff00000, 0x0000000100000000)
  eden space 450560K, 100% used [0x00000000e0000000,0x00000000fb800000,0x00000000fb800000)
  from space 36352K, 7% used [0x00000000fb800000,0x00000000fba97438,0x00000000fdb80000)
  to   space 36352K, 0% used [0x00000000fdb80000,0x00000000fdb80000,0x00000000fff00000)
 ParOldGen       total 116736K, used 58468K [0x00000000a0000000, 0x00000000a7200000, 0x00000000e0000000)
  object space 116736K, 50% used [0x00000000a0000000,0x00000000a3919250,0x00000000a7200000)
 Metaspace       used 93299K, capacity 97146K, committed 99544K, reserved 1136640K
  class space    used 11493K, capacity 12245K, committed 12800K, reserved 1048576K
Event: 6329.119 GC heap after
Heap after GC invocations=32 (full 4):
 PSYoungGen      total 486912K, used 4081K [0x00000000e0000000, 0x00000000ffe00000, 0x0000000100000000)
  eden space 451584K, 0% used [0x00000000e0000000,0x00000000e0000000,0x00000000fb900000)
  from space 35328K, 11% used [0x00000000fdb80000,0x00000000fdf7c490,0x00000000ffe00000)
  to   space 35328K, 0% used [0x00000000fb900000,0x00000000fb900000,0x00000000fdb80000)
 ParOldGen       total 116736K, used 58492K [0x00000000a0000000, 0x00000000a7200000, 0x00000000e0000000)
  object space 116736K, 50% used [0x00000000a0000000,0x00000000a391f250,0x00000000a7200000)
 Metaspace       used 93299K, capacity 97146K, committed 99544K, reserved 1136640K
  class space    used 11493K, capacity 12245K, committed 12800K, reserved 1048576K
}
Event: 6339.167 GC heap before
{Heap before GC invocations=33 (full 4):
 PSYoungGen      total 486912K, used 455081K [0x00000000e0000000, 0x00000000ffe00000, 0x0000000100000000)
  eden space 451584K, 99% used [0x00000000e0000000,0x00000000fb86e180,0x00000000fb900000)
  from space 35328K, 11% used [0x00000000fdb80000,0x00000000fdf7c490,0x00000000ffe00000)
  to   space 35328K, 0% used [0x00000000fb900000,0x00000000fb900000,0x00000000fdb80000)
 ParOldGen       total 116736K, used 58492K [0x00000000a0000000, 0x00000000a7200000, 0x00000000e0000000)
  object space 116736K, 50% used [0x00000000a0000000,0x00000000a391f250,0x00000000a7200000)
 Metaspace       used 93794K, capacity 97670K, committed 99800K, reserved 1136640K
  class space    used 11558K, capacity 12295K, committed 12800K, reserved 1048576K
Event: 6340.150 GC heap after
Heap after GC invocations=33 (full 4):
 PSYoungGen      total 485376K, used 33579K [0x00000000e0000000, 0x0000000100000000, 0x0000000100000000)
  eden space 451584K, 0% used [0x00000000e0000000,0x00000000e0000000,0x00000000fb900000)
  from space 33792K, 99% used [0x00000000fb900000,0x00000000fd9caf68,0x00000000fda00000)
  to   space 38912K, 0% used [0x00000000fda00000,0x00000000fda00000,0x0000000100000000)
 ParOldGen       total 160768K, used 152948K [0x00000000a0000000, 0x00000000a9d00000, 0x00000000e0000000)
  object space 160768K, 95% used [0x00000000a0000000,0x00000000a955d0a0,0x00000000a9d00000)
 Metaspace       used 93794K, capacity 97670K, committed 99800K, reserved 1136640K
  class space    used 11558K, capacity 12295K, committed 12800K, reserved 1048576K
}
Event: 6340.150 GC heap before
{Heap before GC invocations=34 (full 5):
 PSYoungGen      total 485376K, used 33579K [0x00000000e0000000, 0x0000000100000000, 0x0000000100000000)
  eden space 451584K, 0% used [0x00000000e0000000,0x00000000e0000000,0x00000000fb900000)
  from space 33792K, 99% used [0x00000000fb900000,0x00000000fd9caf68,0x00000000fda00000)
  to   space 38912K, 0% used [0x00000000fda00000,0x00000000fda00000,0x0000000100000000)
 ParOldGen       total 160768K, used 152948K [0x00000000a0000000, 0x00000000a9d00000, 0x00000000e0000000)
  object space 160768K, 95% used [0x00000000a0000000,0x00000000a955d0a0,0x00000000a9d00000)
 Metaspace       used 93794K, capacity 97670K, committed 99800K, reserved 1136640K
  class space    used 11558K, capacity 12295K, committed 12800K, reserved 1048576K
Event: 6341.673 GC heap after
Heap after GC invocations=34 (full 5):
 PSYoungGen      total 485376K, used 24255K [0x00000000e0000000, 0x0000000100000000, 0x0000000100000000)
  eden space 451584K, 0% used [0x00000000e0000000,0x00000000e0000000,0x00000000fb900000)
  from space 33792K, 71% used [0x00000000fb900000,0x00000000fd0aff70,0x00000000fda00000)
  to   space 38912K, 0% used [0x00000000fda00000,0x00000000fda00000,0x0000000100000000)
 ParOldGen       total 247296K, used 148255K [0x00000000a0000000, 0x00000000af180000, 0x00000000e0000000)
  object space 247296K, 59% used [0x00000000a0000000,0x00000000a90c7ca8,0x00000000af180000)
 Metaspace       used 93195K, capacity 96968K, committed 99800K, reserved 1136640K
  class space    used 11434K, capacity 12152K, committed 12800K, reserved 1048576K
}
Event: 6343.610 GC heap before
{Heap before GC invocations=35 (full 5):
 PSYoungGen      total 485376K, used 475070K [0x00000000e0000000, 0x0000000100000000, 0x0000000100000000)
  eden space 451584K, 99% used [0x00000000e0000000,0x00000000fb83fa48,0x00000000fb900000)
  from space 33792K, 71% used [0x00000000fb900000,0x00000000fd0aff70,0x00000000fda00000)
  to   space 38912K, 0% used [0x00000000fda00000,0x00000000fda00000,0x0000000100000000)
 ParOldGen       total 247296K, used 148255K [0x00000000a0000000, 0x00000000af180000, 0x00000000e0000000)
  object space 247296K, 59% used [0x00000000a0000000,0x00000000a90c7ca8,0x00000000af180000)
 Metaspace       used 93203K, capacity 96968K, committed 99800K, reserved 1136640K
  class space    used 11434K, capacity 12152K, committed 12800K, reserved 1048576K
Event: 6344.014 GC heap after
Heap after GC invocations=35 (full 5):
 PSYoungGen      total 477184K, used 27650K [0x00000000e0000000, 0x0000000100000000, 0x0000000100000000)
  eden space 438272K, 0% used [0x00000000e0000000,0x00000000e0000000,0x00000000fac00000)
  from space 38912K, 71% used [0x00000000fda00000,0x00000000ff500ad8,0x0000000100000000)
  to   space 43008K, 0% used [0x00000000fac00000,0x00000000fac00000,0x00000000fd600000)
 ParOldGen       total 247296K, used 240891K [0x00000000a0000000, 0x00000000af180000, 0x00000000e0000000)
  object space 247296K, 97% used [0x00000000a0000000,0x00000000aeb3ef90,0x00000000af180000)
 Metaspace       used 93203K, capacity 96968K, committed 99800K, reserved 1136640K
  class space    used 11434K, capacity 12152K, committed 12800K, reserved 1048576K
}
Event: 6344.014 GC heap before
{Heap before GC invocations=36 (full 6):
 PSYoungGen      total 477184K, used 27650K [0x00000000e0000000, 0x0000000100000000, 0x0000000100000000)
  eden space 438272K, 0% used [0x00000000e0000000,0x00000000e0000000,0x00000000fac00000)
  from space 38912K, 71% used [0x00000000fda00000,0x00000000ff500ad8,0x0000000100000000)
  to   space 43008K, 0% used [0x00000000fac00000,0x00000000fac00000,0x00000000fd600000)
 ParOldGen       total 247296K, used 240891K [0x00000000a0000000, 0x00000000af180000, 0x00000000e0000000)
  object space 247296K, 97% used [0x00000000a0000000,0x00000000aeb3ef90,0x00000000af180000)
 Metaspace       used 93203K, capacity 96968K, committed 99800K, reserved 1136640K
  class space    used 11434K, capacity 12152K, committed 12800K, reserved 1048576K

